Added Parameter Manufacturer=Analog Devices to Part DA?
Added Parameter Manufacturer=Analog Devices to Part DA?
Added Parameter Manufacturer=Analog Devices to Part DA?
Added Parameter Manufacturer=Analog Devices to Part DA?
Added Parameter Manufacturer=Analog Devices to Part DA?
Added Parameter Manufacturer=Analog Devices to Part DA?
Added Parameter Manufacturer=Analog Devices to Part DA?
Added Parameter Manufacturer=Analog Devices to Part DA?
Added Parameter Manufacturer=Analog Devices to Part DA?
Added Parameter Manufacturer=Analog Devices to Part DA?
Added Parameter Manufacturer=Analog Devices to Part DA?
Added Parameter Manufacturer=Analog Devices to Part DA?
Added Parameter Manufacturer=Analog Devices to Part DA?
Added Parameter Manufacturer=Broadcom to Part DA?
Added Parameter Manufacturer=Broadcom to Part DA?
Added Parameter Manufacturer=Broadcom to Part DA?
Added Parameter Manufacturer=Broadcom to Part DA?
Added Parameter Manufacturer=Broadcom to Part DA?
Added Parameter Manufacturer=Broadcom to Part DA?
Added Parameter Manufacturer=Custom MMIC to Part DA?
Added Parameter Manufacturer=Custom MMIC to Part DA?
Added Parameter Manufacturer=Mini-Circuits to Part DA?
Added Parameter Manufacturer=Mini-Circuits to Part DA?
Added Parameter Manufacturer=NXP to Part DA?
Added Parameter Manufacturer=Qorvo to Part DA?
Added Parameter Manufacturer=Qorvo to Part DA?
Added Parameter Manufacturer=Qorvo to Part DA?
Added Parameter Manufacturer=Qorvo to Part DA?
Added Parameter Manufacturer=Qorvo to Part DA?
Added Parameter Manufacturer=Qorvo to Part DA?
Added Parameter Manufacturer=Qorvo to Part DA?
Added Parameter Manufacturer=Qorvo to Part DA?
Added Parameter Manufacturer=Qorvo to Part DA?
Added Parameter Manufacturer=Skyworks to Part DA?
Added Parameter Manufacturer=Skyworks to Part DA?
Added Parameter Manufacturer=Skyworks to Part DA?
